<graph id="Graph">
  <version>1.0</version>
  <node id="1-Read">
    <operator>Read</operator>
    <sources/>
    <parameters class="com.bc.ceres.binding.dom.Xpp3DomElement"/>
  </node>
  <node id="2-Write">
    <operator>Write</operator>
    <sources>
      <sourceProduct refid="6-Speckle-Filter"/>
    </sources>
    <parameters class="com.bc.ceres.binding.dom.Xpp3DomElement">
      <formatName>BEAM-DIMAP</formatName>
      <file>target.dim</file>
    </parameters>
  </node>
  <node id="3-SubsetOp">
    <operator>SubsetOp</operator>
    <sources>
      <sourceProduct refid="1-Read"/>
    </sources>
    <parameters class="com.bc.ceres.binding.dom.Xpp3DomElement">
      <sourceBands/>
      <regionX>0</regionX>
      <regionY>0</regionY>
      <width>1000</width>
      <height>1000</height>
      <subSamplingX>1</subSamplingX>
      <subSamplingY>1</subSamplingY>
    </parameters>
  </node>
  <node id="4-Multilook">
    <operator>Multilook</operator>
    <sources>
      <sourceProduct refid="3-SubsetOp"/>
    </sources>
    <parameters class="com.bc.ceres.binding.dom.Xpp3DomElement">
      <sourceBands/>
      <nRgLooks>1</nRgLooks>
      <nAzLooks>1</nAzLooks>
      <note>Currently, detection for complex data is performed without any resampling</note>
    </parameters>
  </node>
  <node id="5-Terrain-Correction">
    <operator>Terrain-Correction</operator>
    <sources>
      <sourceProduct refid="4-Multilook"/>
    </sources>
    <parameters class="com.bc.ceres.binding.dom.Xpp3DomElement">
      <sourceBands/>
      <demName>SRTM 3Sec GeoTiff</demName>
      <externalDEMFile/>
      <externalDEMNoDataValue>0.0</externalDEMNoDataValue>
      <demResamplingMethod>BILINEAR_INTERPOLATION</demResamplingMethod>
      <imgResamplingMethod>BILINEAR_INTERPOLATION</imgResamplingMethod>
      <pixelSpacingInMeter>0.0</pixelSpacingInMeter>
      <pixelSpacingInDegree>0.0</pixelSpacingInDegree>
      <projectionName>Geographic Lat/Lon</projectionName>
      <saveDEM>false</saveDEM>
      <saveLocalIncidenceAngle>false</saveLocalIncidenceAngle>
      <saveProjectedLocalIncidenceAngle>false</saveProjectedLocalIncidenceAngle>
      <saveSelectedSourceBand>true</saveSelectedSourceBand>
      <applyRadiometricNormalization>false</applyRadiometricNormalization>
      <saveSigmaNought>false</saveSigmaNought>
      <saveGammaNought>false</saveGammaNought>
      <saveBetaNought>false</saveBetaNought>
      <incidenceAngleForSigma0>Use projected local incidence angle from DEM</incidenceAngleForSigma0>
      <incidenceAngleForGamma0>Use projected local incidence angle from DEM</incidenceAngleForGamma0>
	  <auxFile>Latest Auxiliary File</auxFile>
      <externalAuxFile/>
    </parameters>
  </node>
  <node id="6-Speckle-Filter">
    <operator>Speckle-Filter</operator>
    <sources>
      <sourceProduct refid="5-Terrain-Correction"/>
    </sources>
    <parameters class="com.bc.ceres.binding.dom.Xpp3DomElement">
      <sourceBands/>
      <filter>Refined Lee</filter>
      <filterSizeX>3</filterSizeX>
      <filterSizeY>3</filterSizeY>
      <dampingFactor>2</dampingFactor>
      <edgeThreshold>5000.0</edgeThreshold>
    </parameters>
  </node>
  <applicationData id="Presentation">
    <Description/>
    <node id="1-Read">
      <displayPosition y="31.0" x="29.0"/>
    </node>
    <node id="2-Write">
      <displayPosition y="205.0" x="244.0"/>
    </node>
    <node id="3-SubsetOp">
      <displayPosition y="32.0" x="119.0"/>
    </node>
    <node id="4-Multilook">
      <displayPosition y="97.0" x="121.0"/>
    </node>
    <node id="5-Terrain-Correction">
      <displayPosition y="157.0" x="99.0"/>
    </node>
    <node id="6-Speckle-Filter">
      <displayPosition y="206.0" x="108.0"/>
    </node>
  </applicationData>
</graph>